<?xml version="1.0" encoding="UTF-8"?>
<!-- Generated by org.testng.reporters.JUnitReportReporter -->
<testsuite hostname="DESKTOP-H6V4GD0" failures="0" tests="1" name="com.pack2.M2" time="7.344" errors="0" timestamp="2024-05-02T13:08:53 IST" skipped="0">
  <testcase classname="com.pack2.M2" name="test" time="7.344"/>
  <system-out/>
</testsuite> <!-- com.pack2.M2 -->
