<?xml version="1.0" encoding="UTF-8"?>
<!-- Generated by org.testng.reporters.JUnitReportReporter -->
<testsuite hostname="Manish" name="com.pack3.Tester2" tests="1" failures="0" timestamp="14 Mar 2020 03:51:38 GMT" time="27.155" errors="0">
  <testcase name="atitimeLogin3" time="27.155" classname="com.pack3.Tester2"/>
</testsuite> <!-- com.pack3.Tester2 -->
