<?xml version="1.0" encoding="UTF-8"?>
<!-- Generated by org.testng.reporters.JUnitReportReporter -->
<testsuite hostname="Manish" name="com.pack2.M1" tests="1" failures="0" timestamp="14 Mar 2020 03:50:05 GMT" time="43.277" errors="0">
  <testcase name="atitimeLogin" time="43.277" classname="com.pack2.M1"/>
</testsuite> <!-- com.pack2.M1 -->
