<?xml version="1.0" encoding="UTF-8"?>
<!-- Generated by org.testng.reporters.JUnitReportReporter -->
<testsuite hostname="Manish" name="com.pack3.Tester1" tests="1" failures="0" timestamp="14 Mar 2020 03:51:38 GMT" time="27.015" errors="0">
  <testcase name="atitimeLogin" time="27.015" classname="com.pack3.Tester1"/>
</testsuite> <!-- com.pack3.Tester1 -->
