<?xml version="1.0" encoding="UTF-8"?>
<!-- Generated by org.testng.reporters.JUnitReportReporter -->
<testsuite hostname="Manish" name="com.pack2.M2" tests="2" failures="0" timestamp="14 Mar 2020 03:50:05 GMT" time="52.923" errors="0">
  <testcase name="atitimeLogin" time="25.815" classname="com.pack2.M2"/>
  <testcase name="atitimeLogin" time="27.108" classname="com.pack2.M2"/>
</testsuite> <!-- com.pack2.M2 -->
