<?xml version="1.0" encoding="UTF-8"?>
<!-- Generated by org.testng.reporters.JUnitReportReporter -->
<testsuite hostname="Manish" name="com.pack1.Tester2" tests="1" failures="0" timestamp="14 Mar 2020 03:11:14 GMT" time="0.027" errors="0">
  <testcase name="test" time="0.027" classname="com.pack1.Tester2"/>
</testsuite> <!-- com.pack1.Tester2 -->
