<?xml version="1.0" encoding="UTF-8"?>
<!-- Generated by org.testng.reporters.JUnitReportReporter -->
<testsuite hostname="Manish" name="com.pack1.Tester1" tests="2" failures="0" timestamp="14 Mar 2020 03:20:05 GMT" time="0.027" errors="0">
  <testcase name="test" time="0.004" classname="com.pack1.Tester1"/>
  <testcase name="test" time="0.023" classname="com.pack1.Tester1"/>
</testsuite> <!-- com.pack1.Tester1 -->
