<?xml version="1.0" encoding="UTF-8"?>
<!-- Generated by org.testng.reporters.JUnitReportReporter -->
<testsuite hostname="Manish" name="com.pack1.Tester1a" tests="3" failures="0" timestamp="14 Mar 2020 03:20:05 GMT" time="0.039" errors="0">
  <testcase name="test1" time="0.004" classname="com.pack1.Tester1a"/>
  <testcase name="test1" time="0.011" classname="com.pack1.Tester1a"/>
  <testcase name="test1" time="0.024" classname="com.pack1.Tester1a"/>
</testsuite> <!-- com.pack1.Tester1a -->
